<?xml version="1.0" encoding="UTF-8"?>
<!-- Generated by org.testng.reporters.JUnitXMLReporter -->
<testsuite hostname="Aditis-MacBook-Air-2.local" ignored="0" name="Default test" tests="2" failures="0" timestamp="10 Apr 2019 06:26:50 GMT" time="10.951" errors="0">
  <testcase name="@BeforeMethod homepage" time="0.027" classname="com.mindire.TESTNG.base">
    <failure type="junit.framework.ComparisonFailure" message="expected:&amp;lt;... ...&amp;gt; but was:&amp;lt;......&amp;gt;">
      <![CDATA[junit.framework.ComparisonFailure: expected:<... ...> but was:<......>
at junit.framework.Assert.assertEquals(Assert.java:81)
at junit.framework.Assert.assertEquals(Assert.java:87)
at com.mindire.TESTNG.base.homepage(base.java:35)
at sun.reflect.NativeMethodAccessorImpl.invoke0(Native Method)
at sun.reflect.NativeMethodAccessorImpl.invoke(NativeMethodAccessorImpl.java:62)
at sun.reflect.DelegatingMethodAccessorImpl.invoke(DelegatingMethodAccessorImpl.java:43)
at java.lang.reflect.Method.invoke(Method.java:498)
at org.testng.internal.MethodInvocationHelper.invokeMethod(MethodInvocationHelper.java:124)
at org.testng.internal.MethodInvocationHelper.invokeMethodConsideringTimeout(MethodInvocationHelper.java:59)
at org.testng.internal.Invoker.invokeConfigurationMethod(Invoker.java:458)
at org.testng.internal.Invoker.invokeConfigurations(Invoker.java:222)
at org.testng.internal.Invoker.invokeMethod(Invoker.java:523)
at org.testng.internal.Invoker.invokeTestMethod(Invoker.java:719)
at org.testng.internal.Invoker.invokeTestMethods(Invoker.java:989)
at org.testng.internal.TestMethodWorker.invokeTestMethods(TestMethodWorker.java:125)
at org.testng.internal.TestMethodWorker.run(TestMethodWorker.java:109)
at org.testng.TestRunner.privateRun(TestRunner.java:648)
at org.testng.TestRunner.run(TestRunner.java:505)
at org.testng.SuiteRunner.runTest(SuiteRunner.java:455)
at org.testng.SuiteRunner.runSequentially(SuiteRunner.java:450)
at org.testng.SuiteRunner.privateRun(SuiteRunner.java:415)
at org.testng.SuiteRunner.run(SuiteRunner.java:364)
at org.testng.SuiteRunnerWorker.runSuite(SuiteRunnerWorker.java:52)
at org.testng.SuiteRunnerWorker.run(SuiteRunnerWorker.java:84)
at org.testng.TestNG.runSuitesSequentially(TestNG.java:1208)
at org.testng.TestNG.runSuitesLocally(TestNG.java:1137)
at org.testng.TestNG.runSuites(TestNG.java:1049)
at org.testng.TestNG.run(TestNG.java:1017)
at org.testng.remote.AbstractRemoteTestNG.run(AbstractRemoteTestNG.java:114)
at org.testng.remote.RemoteTestNG.initAndRun(RemoteTestNG.java:251)
at org.testng.remote.RemoteTestNG.main(RemoteTestNG.java:77)
]]>
    </failure>
  </testcase> <!-- @BeforeMethod homepage -->
  <testcase name="@AfterMethod gobacktoHomePage" time="0.0" classname="com.mindire.TESTNG.base">
    <skipped/>
  </testcase> <!-- @AfterMethod gobacktoHomePage -->
  <testcase name="@BeforeMethod homepage" time="0.0" classname="com.mindire.TESTNG.base">
    <skipped/>
  </testcase> <!-- @BeforeMethod homepage -->
  <testcase name="@AfterMethod gobacktoHomePage" time="0.0" classname="com.mindire.TESTNG.base">
    <skipped/>
  </testcase> <!-- @AfterMethod gobacktoHomePage -->
  <testcase name="@AfterTest terminateBrowser" time="0.0" classname="com.mindire.TESTNG.base">
    <skipped/>
  </testcase> <!-- @AfterTest terminateBrowser -->
  <testcase name="register" time="0.0" classname="com.mindire.TESTNG.base">
    <skipped/>
  </testcase> <!-- register -->
  <testcase name="support" time="0.0" classname="com.mindire.TESTNG.base">
    <skipped/>
  </testcase> <!-- support -->
</testsuite> <!-- Default test -->
